13:56:54.955 [Test worker] INFO  manager.ApplicationManager - Chrome Driver was opened
13:56:56.460 [Test worker] INFO  manager.ApplicationManager - Current URL --> https://contacts-app.tobbymarshall815.vercel.app/home
13:56:56.481 [Test worker] INFO  TestBase - START TEST WITH NAME: registrationSuccess
13:57:01.498 [Test worker] INFO  manager.ListenerWD - After FInd Elements By -->By.xpath: //button[text()='Sign Out']
13:57:01.498 [Test worker] INFO  manager.ListenerWD - List size is-->0
13:57:01.501 [Test worker] INFO  manager.ListenerWD - Before Find Elements By -->By.xpath: //a[@href='/login']
13:57:01.537 [Test worker] INFO  manager.ListenerWD - After Find Element by --> By.xpath: //a[@href='/login']
13:57:01.849 [Test worker] INFO  manager.ListenerWD - Before Find Elements By -->By.xpath: //input[@placeholder='Email']
13:57:01.864 [Test worker] INFO  manager.ListenerWD - After Find Element by --> By.xpath: //input[@placeholder='Email']
13:57:02.215 [Test worker] INFO  manager.ListenerWD - Before Find Elements By -->By.xpath: //input[@placeholder='Password']
13:57:02.243 [Test worker] INFO  manager.ListenerWD - After Find Element by --> By.xpath: //input[@placeholder='Password']
13:57:02.327 [Test worker] INFO  manager.ListenerWD - Before Find Elements By -->By.xpath: //*[text()=' Registration']
13:57:02.353 [Test worker] INFO  manager.ListenerWD - After Find Element by --> By.xpath: //*[text()=' Registration']
13:57:02.522 [Test worker] INFO  TestBase - Data User{email='helloworld3421@gmail.com', password='Helloworld123$'}
13:57:03.185 [Test worker] INFO  manager.ListenerWD - After FInd Elements By -->By.xpath: //button[text()='Sign Out']
13:57:03.185 [Test worker] INFO  manager.ListenerWD - List size is-->1
13:57:03.188 [Test worker] INFO  TestBase - START TEST WITH NAME: registrationSuccess
13:57:03.197 [Test worker] INFO  manager.ListenerWD - After FInd Elements By -->By.xpath: //button[text()='Sign Out']
13:57:03.197 [Test worker] INFO  manager.ListenerWD - List size is-->1
13:57:03.197 [Test worker] INFO  manager.ListenerWD - Before Find Elements By -->By.xpath: //button[text()='Sign Out']
13:57:03.208 [Test worker] INFO  manager.ListenerWD - After Find Element by --> By.xpath: //button[text()='Sign Out']
13:57:03.240 [Test worker] INFO  manager.ListenerWD - Before Find Elements By -->By.xpath: //a[@href='/login']
13:57:03.261 [Test worker] INFO  manager.ListenerWD - After Find Element by --> By.xpath: //a[@href='/login']
13:57:03.708 [Test worker] INFO  manager.ListenerWD - Before Find Elements By -->By.xpath: //input[@placeholder='Email']
13:57:03.719 [Test worker] INFO  manager.ListenerWD - After Find Element by --> By.xpath: //input[@placeholder='Email']
13:57:03.875 [Test worker] INFO  manager.ListenerWD - Before Find Elements By -->By.xpath: //input[@placeholder='Password']
13:57:03.892 [Test worker] INFO  manager.ListenerWD - After Find Element by --> By.xpath: //input[@placeholder='Password']
13:57:04.083 [Test worker] INFO  manager.ListenerWD - Before Find Elements By -->By.xpath: //*[text()=' Registration']
13:57:04.145 [Test worker] INFO  manager.ListenerWD - After Find Element by --> By.xpath: //*[text()=' Registration']
13:57:04.570 [Test worker] INFO  TestBase - Data User{email='helloworld3423@gmail.com', password='Helloworld123$'}
13:57:04.679 [Test worker] INFO  manager.ListenerWD - After FInd Elements By -->By.xpath: //button[text()='Sign Out']
13:57:04.679 [Test worker] INFO  manager.ListenerWD - List size is-->1
13:57:04.680 [Test worker] INFO  TestBase - START TEST WITH NAME: registrationSuccess
13:57:04.691 [Test worker] INFO  manager.ListenerWD - After FInd Elements By -->By.xpath: //button[text()='Sign Out']
13:57:04.691 [Test worker] INFO  manager.ListenerWD - List size is-->1
13:57:04.691 [Test worker] INFO  manager.ListenerWD - Before Find Elements By -->By.xpath: //button[text()='Sign Out']
13:57:04.766 [Test worker] INFO  manager.ListenerWD - After Find Element by --> By.xpath: //button[text()='Sign Out']
13:57:04.985 [Test worker] INFO  manager.ListenerWD - Before Find Elements By -->By.xpath: //a[@href='/login']
13:57:04.993 [Test worker] INFO  manager.ListenerWD - After Find Element by --> By.xpath: //a[@href='/login']
13:57:05.014 [Test worker] INFO  manager.ListenerWD - Before Find Elements By -->By.xpath: //input[@placeholder='Email']
13:57:05.022 [Test worker] INFO  manager.ListenerWD - After Find Element by --> By.xpath: //input[@placeholder='Email']
13:57:05.144 [Test worker] INFO  manager.ListenerWD - Before Find Elements By -->By.xpath: //input[@placeholder='Password']
13:57:05.155 [Test worker] INFO  manager.ListenerWD - After Find Element by --> By.xpath: //input[@placeholder='Password']
13:57:05.406 [Test worker] INFO  manager.ListenerWD - Before Find Elements By -->By.xpath: //*[text()=' Registration']
13:57:05.424 [Test worker] INFO  manager.ListenerWD - After Find Element by --> By.xpath: //*[text()=' Registration']
13:57:05.561 [Test worker] INFO  TestBase - Data User{email='helloworld3424@gmail.com', password='Helloworld123$'}
13:57:05.871 [Test worker] INFO  manager.ListenerWD - After FInd Elements By -->By.xpath: //button[text()='Sign Out']
13:57:05.871 [Test worker] INFO  manager.ListenerWD - List size is-->1
