14:48:54.243 [Test worker] INFO  manager.ApplicationManager - Chrome driver was opened
14:48:57.164 [Test worker] INFO  manager.ApplicationManager - Current URL --> https://contacts-app.tobbymarshall815.vercel.app/home
14:48:57.208 [Test worker] INFO  TestBase - START TEST WITH NAME: registrationSuccess
14:49:02.266 [Test worker] INFO  manager.ListenerWD - After FInd Elements By -->By.xpath: //button[text()='Sign Out']
14:49:02.266 [Test worker] INFO  manager.ListenerWD - List size is-->0
14:49:02.269 [Test worker] INFO  manager.ListenerWD - Before Find Elements By -->By.xpath: //a[@href='/login']
14:49:02.308 [Test worker] INFO  manager.ListenerWD - After Find Element by --> By.xpath: //a[@href='/login']
14:49:02.652 [Test worker] INFO  manager.ListenerWD - Before Find Elements By -->By.xpath: //input[@placeholder='Email']
14:49:02.669 [Test worker] INFO  manager.ListenerWD - After Find Element by --> By.xpath: //input[@placeholder='Email']
14:49:02.965 [Test worker] INFO  manager.ListenerWD - Before Find Elements By -->By.xpath: //input[@placeholder='Password']
14:49:02.993 [Test worker] INFO  manager.ListenerWD - After Find Element by --> By.xpath: //input[@placeholder='Password']
14:49:03.087 [Test worker] INFO  manager.ListenerWD - Before Find Elements By -->By.xpath: //*[text()=' Registration']
14:49:03.106 [Test worker] INFO  manager.ListenerWD - After Find Element by --> By.xpath: //*[text()=' Registration']
14:49:08.378 [Test worker] INFO  manager.ListenerWD - After FInd Elements By -->By.xpath: //button[text()='Sign Out']
14:49:08.380 [Test worker] INFO  manager.ListenerWD - List size is-->0
14:49:08.400 [Test worker] INFO  TestBase - START TEST WITH NAME: registrationSuccess
14:49:13.428 [Test worker] INFO  manager.ListenerWD - After FInd Elements By -->By.xpath: //button[text()='Sign Out']
14:49:13.428 [Test worker] INFO  manager.ListenerWD - List size is-->0
14:49:13.429 [Test worker] INFO  manager.ListenerWD - Before Find Elements By -->By.xpath: //a[@href='/login']
14:49:13.450 [Test worker] INFO  manager.ListenerWD - After Find Element by --> By.xpath: //a[@href='/login']
14:49:13.545 [Test worker] INFO  manager.ListenerWD - Before Find Elements By -->By.xpath: //input[@placeholder='Email']
14:49:18.564 [Test worker] INFO  manager.ListenerWD - The name of the error methodfindElement
14:49:18.578 [Test worker] INFO  manager.ListenerWD - Error description: org.openqa.selenium.NoSuchElementException: no such element: Unable to locate element: {"method":"xpath","selector":"//input[@placeholder='Email']"}
  (Session info: chrome=106.0.5249.103)
For documentation on this error, please visit: https://selenium.dev/exceptions/#no_such_element
Build info: version: '4.4.0', revision: 'e5c75ed026a'
System info: host: 'Gurevichs-MacBook-Pro.local', ip: '2a0d:6fc7:33f:f238:a188:aff7:7fa3:be61%en0', os.name: 'Mac OS X', os.arch: 'aarch64', os.version: '12.6', java.version: '11.0.16.1'
Driver info: org.openqa.selenium.chrome.ChromeDriver
Command: [0f78b68a9d0def5d7b0a05ef019ccc67, findElement {using=xpath, value=//input[@placeholder='Email']}]
Capabilities {acceptInsecureCerts: false, browserName: chrome, browserVersion: 106.0.5249.103, chrome: {chromedriverVersion: 105.0.5195.52 (412c95e51883..., userDataDir: /var/folders/1t/ycm_f_n138g...}, goog:chromeOptions: {debuggerAddress: localhost:61003}, networkConnectionEnabled: false, pageLoadStrategy: normal, platformName: MAC, proxy: Proxy(), se:cdp: ws://localhost:61003/devtoo..., se:cdpVersion: 106.0.5249.103, setWindowRect: true, strictFileInteractability: false, timeouts: {implicit: 0, pageLoad: 300000, script: 30000}, unhandledPromptBehavior: dismiss and notify, webauthn:extension:credBlob: true, webauthn:extension:largeBlob: true, webauthn:virtualAuthenticators: true}
Session ID: 0f78b68a9d0def5d7b0a05ef019ccc67
14:49:18.578 [Test worker] INFO  manager.ListenerWD - ******************************
14:49:18.579 [Test worker] INFO  manager.ListenerWD - ChromeDriver: chrome on MAC (0f78b68a9d0def5d7b0a05ef019ccc67)
14:49:18.581 [Test worker] INFO  manager.ListenerWD - Screen with error is 1263src/test/screenshots/screen1263.png
14:49:19.546 [Test worker] INFO  TestBase - START TEST WITH NAME: registrationSuccess
14:49:19.568 [Test worker] INFO  manager.ListenerWD - After FInd Elements By -->By.xpath: //button[text()='Sign Out']
14:49:19.568 [Test worker] INFO  manager.ListenerWD - List size is-->1
14:49:19.568 [Test worker] INFO  manager.ListenerWD - Before Find Elements By -->By.xpath: //button[text()='Sign Out']
14:49:19.581 [Test worker] INFO  manager.ListenerWD - After Find Element by --> By.xpath: //button[text()='Sign Out']
14:49:19.655 [Test worker] INFO  manager.ListenerWD - Before Find Elements By -->By.xpath: //a[@href='/login']
14:49:19.673 [Test worker] INFO  manager.ListenerWD - After Find Element by --> By.xpath: //a[@href='/login']
14:49:19.700 [Test worker] INFO  manager.ListenerWD - Before Find Elements By -->By.xpath: //input[@placeholder='Email']
14:49:19.722 [Test worker] INFO  manager.ListenerWD - After Find Element by --> By.xpath: //input[@placeholder='Email']
14:49:19.867 [Test worker] INFO  manager.ListenerWD - Before Find Elements By -->By.xpath: //input[@placeholder='Password']
14:49:19.897 [Test worker] INFO  manager.ListenerWD - After Find Element by --> By.xpath: //input[@placeholder='Password']
14:49:20.114 [Test worker] INFO  manager.ListenerWD - Before Find Elements By -->By.xpath: //*[text()=' Registration']
14:49:20.188 [Test worker] INFO  manager.ListenerWD - After Find Element by --> By.xpath: //*[text()=' Registration']
14:49:20.848 [Test worker] INFO  manager.ListenerWD - After FInd Elements By -->By.xpath: //button[text()='Sign Out']
14:49:20.848 [Test worker] INFO  manager.ListenerWD - List size is-->1
14:49:20.849 [Test worker] INFO  TestBase - START TEST WITH NAME: registrationSuccess
14:49:20.860 [Test worker] INFO  manager.ListenerWD - After FInd Elements By -->By.xpath: //button[text()='Sign Out']
14:49:20.860 [Test worker] INFO  manager.ListenerWD - List size is-->1
14:49:20.860 [Test worker] INFO  manager.ListenerWD - Before Find Elements By -->By.xpath: //button[text()='Sign Out']
14:49:20.889 [Test worker] INFO  manager.ListenerWD - After Find Element by --> By.xpath: //button[text()='Sign Out']
14:49:21.046 [Test worker] INFO  manager.ListenerWD - Before Find Elements By -->By.xpath: //a[@href='/login']
14:49:21.183 [Test worker] INFO  manager.ListenerWD - After Find Element by --> By.xpath: //a[@href='/login']
14:49:21.282 [Test worker] INFO  manager.ListenerWD - Before Find Elements By -->By.xpath: //input[@placeholder='Email']
14:49:21.305 [Test worker] INFO  manager.ListenerWD - After Find Element by --> By.xpath: //input[@placeholder='Email']
14:49:21.496 [Test worker] INFO  manager.ListenerWD - Before Find Elements By -->By.xpath: //input[@placeholder='Password']
14:49:21.529 [Test worker] INFO  manager.ListenerWD - After Find Element by --> By.xpath: //input[@placeholder='Password']
14:49:21.841 [Test worker] INFO  manager.ListenerWD - Before Find Elements By -->By.xpath: //*[text()=' Registration']
14:49:21.873 [Test worker] INFO  manager.ListenerWD - After Find Element by --> By.xpath: //*[text()=' Registration']
14:49:22.297 [Test worker] INFO  manager.ListenerWD - After FInd Elements By -->By.xpath: //button[text()='Sign Out']
14:49:22.297 [Test worker] INFO  manager.ListenerWD - List size is-->1
14:49:22.298 [Test worker] INFO  TestBase - START TEST WITH NAME: registrationSuccess
14:49:22.315 [Test worker] INFO  manager.ListenerWD - After FInd Elements By -->By.xpath: //button[text()='Sign Out']
14:49:22.315 [Test worker] INFO  manager.ListenerWD - List size is-->1
14:49:22.315 [Test worker] INFO  manager.ListenerWD - Before Find Elements By -->By.xpath: //button[text()='Sign Out']
14:49:22.362 [Test worker] INFO  manager.ListenerWD - After Find Element by --> By.xpath: //button[text()='Sign Out']
14:49:22.601 [Test worker] INFO  manager.ListenerWD - Before Find Elements By -->By.xpath: //a[@href='/login']
14:49:22.618 [Test worker] INFO  manager.ListenerWD - After Find Element by --> By.xpath: //a[@href='/login']
14:49:22.817 [Test worker] INFO  manager.ListenerWD - Before Find Elements By -->By.xpath: //input[@placeholder='Email']
14:49:22.850 [Test worker] INFO  manager.ListenerWD - After Find Element by --> By.xpath: //input[@placeholder='Email']
14:49:23.252 [Test worker] INFO  manager.ListenerWD - Before Find Elements By -->By.xpath: //input[@placeholder='Password']
14:49:23.267 [Test worker] INFO  manager.ListenerWD - After Find Element by --> By.xpath: //input[@placeholder='Password']
14:49:23.512 [Test worker] INFO  manager.ListenerWD - Before Find Elements By -->By.xpath: //*[text()=' Registration']
14:49:23.519 [Test worker] INFO  manager.ListenerWD - After Find Element by --> By.xpath: //*[text()=' Registration']
14:49:23.800 [Test worker] INFO  manager.ListenerWD - After FInd Elements By -->By.xpath: //button[text()='Sign Out']
14:49:23.801 [Test worker] INFO  manager.ListenerWD - List size is-->1
