17:00:19.234 [Test worker] INFO  manager.ApplicationManager - Chrome driver was opened
17:00:20.471 [Test worker] INFO  manager.ApplicationManager - Current URL --> https://contacts-app.tobbymarshall815.vercel.app/home
17:00:20.491 [Test worker] INFO  TestBase - START TEST WITH NAME: loginSuccess
17:00:20.492 [Test worker] INFO  TestBase - Start authorization check
17:00:25.529 [Test worker] INFO  manager.ListenerWD - After FInd Elements By -->By.xpath: //button[text()='Sign Out']
17:00:25.530 [Test worker] INFO  manager.ListenerWD - List size is-->0
17:00:25.532 [Test worker] INFO  TestBase - email sonka04@gmail.com && password Sonka04$
17:00:25.532 [Test worker] INFO  manager.ListenerWD - Before Find Elements By -->By.xpath: //a[@href='/l']
17:00:30.583 [Test worker] INFO  manager.ListenerWD - The name of the error methodfindElement
17:00:30.602 [Test worker] INFO  manager.ListenerWD - Error description: org.openqa.selenium.NoSuchElementException: no such element: Unable to locate element: {"method":"xpath","selector":"//a[@href='/l']"}
  (Session info: chrome=106.0.5249.103)
For documentation on this error, please visit: https://selenium.dev/exceptions/#no_such_element
Build info: version: '4.4.0', revision: 'e5c75ed026a'
System info: host: 'Gurevichs-MBP.lan', ip: '2a0d:6fc2:4e60:a900:3428:ad89:4d29:689b%en0', os.name: 'Mac OS X', os.arch: 'aarch64', os.version: '12.6', java.version: '11.0.16.1'
Driver info: org.openqa.selenium.chrome.ChromeDriver
Command: [ad2ef5388a409cd6a8192382e84cf707, findElement {using=xpath, value=//a[@href='/l']}]
Capabilities {acceptInsecureCerts: false, browserName: chrome, browserVersion: 106.0.5249.103, chrome: {chromedriverVersion: 105.0.5195.52 (412c95e51883..., userDataDir: /var/folders/1t/ycm_f_n138g...}, goog:chromeOptions: {debuggerAddress: localhost:60168}, networkConnectionEnabled: false, pageLoadStrategy: normal, platformName: MAC, proxy: Proxy(), se:cdp: ws://localhost:60168/devtoo..., se:cdpVersion: 106.0.5249.103, setWindowRect: true, strictFileInteractability: false, timeouts: {implicit: 0, pageLoad: 300000, script: 30000}, unhandledPromptBehavior: dismiss and notify, webauthn:extension:credBlob: true, webauthn:extension:largeBlob: true, webauthn:virtualAuthenticators: true}
Session ID: ad2ef5388a409cd6a8192382e84cf707
17:00:30.603 [Test worker] INFO  manager.ListenerWD - ******************************
17:00:30.603 [Test worker] INFO  manager.ListenerWD - ChromeDriver: chrome on MAC (ad2ef5388a409cd6a8192382e84cf707)
17:00:30.605 [Test worker] INFO  manager.ListenerWD - Screen with error is 1824src/test/screenshots/screen1824.png
