19:01:07.436 [Test worker] INFO  manager.ApplicationManager - Current URL -->https://contacts-app.tobbymarshall815.vercel.app/home
19:01:07.456 [Test worker] INFO  TestBase - START TEST WITH NAME: loginNegativeWrongEmailFormat
19:01:07.457 [Test worker] INFO  TestBase - Start authorization check
19:01:12.475 [Test worker] INFO  manager.ListenerWD - Before Find Elements By -->By.xpath: //a[@href='/login']
19:01:12.513 [Test worker] INFO  manager.ListenerWD - After Find Elements By -->By.xpath: //a[@href='/login']
19:01:12.820 [Test worker] INFO  manager.ListenerWD - Before Find Elements By -->By.xpath: //input[@placeholder='Email']
19:01:12.835 [Test worker] INFO  manager.ListenerWD - After Find Elements By -->By.xpath: //input[@placeholder='Email']
19:01:13.159 [Test worker] INFO  manager.ListenerWD - Before Find Elements By -->By.xpath: //input[@placeholder='Password']
19:01:13.187 [Test worker] INFO  manager.ListenerWD - After Find Elements By -->By.xpath: //input[@placeholder='Password']
19:01:13.255 [Test worker] INFO  manager.ListenerWD - Before Find Elements By -->By.xpath: //*[text()=' Login']
19:01:13.268 [Test worker] INFO  manager.ListenerWD - After Find Elements By -->By.xpath: //*[text()=' Login']
19:01:14.025 [Test worker] INFO  TestBase - START TEST WITH NAME: loginNegativeWrongPasswordFormat
19:01:14.026 [Test worker] INFO  TestBase - Start authorization check
19:01:19.078 [Test worker] INFO  manager.ListenerWD - Before Find Elements By -->By.xpath: //a[@href='/login']
19:01:19.097 [Test worker] INFO  manager.ListenerWD - After Find Elements By -->By.xpath: //a[@href='/login']
19:01:19.158 [Test worker] INFO  manager.ListenerWD - Before Find Elements By -->By.xpath: //input[@placeholder='Email']
19:01:19.191 [Test worker] INFO  manager.ListenerWD - After Find Elements By -->By.xpath: //input[@placeholder='Email']
19:01:19.411 [Test worker] INFO  manager.ListenerWD - Before Find Elements By -->By.xpath: //input[@placeholder='Password']
19:01:19.434 [Test worker] INFO  manager.ListenerWD - After Find Elements By -->By.xpath: //input[@placeholder='Password']
19:01:19.768 [Test worker] INFO  manager.ListenerWD - Before Find Elements By -->By.xpath: //*[text()=' Login']
19:01:19.796 [Test worker] INFO  manager.ListenerWD - After Find Elements By -->By.xpath: //*[text()=' Login']
19:01:20.061 [Test worker] INFO  TestBase - START TEST WITH NAME: loginSuccess
19:01:20.062 [Test worker] INFO  TestBase - Start authorization check
19:01:25.137 [Test worker] INFO  manager.ListenerWD - Before Find Elements By -->By.xpath: //a[@href='/login']
19:01:25.155 [Test worker] INFO  manager.ListenerWD - After Find Elements By -->By.xpath: //a[@href='/login']
19:01:25.180 [Test worker] INFO  manager.ListenerWD - Before Find Elements By -->By.xpath: //input[@placeholder='Email']
19:01:25.196 [Test worker] INFO  manager.ListenerWD - After Find Elements By -->By.xpath: //input[@placeholder='Email']
19:01:25.302 [Test worker] INFO  manager.ListenerWD - Before Find Elements By -->By.xpath: //input[@placeholder='Password']
19:01:25.335 [Test worker] INFO  manager.ListenerWD - After Find Elements By -->By.xpath: //input[@placeholder='Password']
19:01:25.540 [Test worker] INFO  manager.ListenerWD - Before Find Elements By -->By.xpath: //*[text()=' Login']
19:01:25.552 [Test worker] INFO  manager.ListenerWD - After Find Elements By -->By.xpath: //*[text()=' Login']
19:01:25.663 [Test worker] INFO  TestBase - email sonka04@gmail.com && password Sonka04$
19:01:27.695 [Test worker] INFO  TestBase - Assert checked the presence of Sign out button
19:01:27.699 [Test worker] INFO  TestBase - START TEST WITH NAME: loginSuccessModel
19:01:27.699 [Test worker] INFO  TestBase - Start authorization check
19:01:27.710 [Test worker] INFO  manager.ListenerWD - Before Find Elements By -->By.xpath: //button[text()='Sign Out']
19:01:27.724 [Test worker] INFO  manager.ListenerWD - After Find Elements By -->By.xpath: //button[text()='Sign Out']
19:01:27.757 [Test worker] INFO  TestBase - Test was needed in logout
19:01:27.757 [Test worker] INFO  manager.ListenerWD - Before Find Elements By -->By.xpath: //a[@href='/login']
19:01:27.765 [Test worker] INFO  manager.ListenerWD - After Find Elements By -->By.xpath: //a[@href='/login']
19:01:27.786 [Test worker] INFO  manager.ListenerWD - Before Find Elements By -->By.xpath: //input[@placeholder='Email']
19:01:27.794 [Test worker] INFO  manager.ListenerWD - After Find Elements By -->By.xpath: //input[@placeholder='Email']
19:01:27.921 [Test worker] INFO  manager.ListenerWD - Before Find Elements By -->By.xpath: //input[@placeholder='Password']
19:01:27.930 [Test worker] INFO  manager.ListenerWD - After Find Elements By -->By.xpath: //input[@placeholder='Password']
19:01:28.132 [Test worker] INFO  manager.ListenerWD - Before Find Elements By -->By.xpath: //*[text()=' Login']
19:01:28.140 [Test worker] INFO  manager.ListenerWD - After Find Elements By -->By.xpath: //*[text()=' Login']
