09:33:36.568 [Test worker] INFO  manager.ApplicationManager - Chrome driver was opened
09:33:37.876 [Test worker] INFO  manager.ApplicationManager - Current URL --> https://contacts-app.tobbymarshall815.vercel.app/home
09:33:37.898 [Test worker] INFO  TestBase - START TEST WITH NAME: loginSuccess
09:33:37.899 [Test worker] INFO  TestBase - Start authorization check
09:33:42.971 [Test worker] INFO  manager.ListenerWD - After FInd Elements By -->By.xpath: //button[text()='Sign Out']
09:33:42.972 [Test worker] INFO  manager.ListenerWD - List size is-->0
09:33:42.974 [Test worker] INFO  TestBase - email sonka04@gmail.com && password Sonka04$
09:33:42.975 [Test worker] INFO  manager.ListenerWD - Before Find Elements By -->By.xpath: //a[@href='/l']
09:33:48.029 [Test worker] INFO  manager.ListenerWD - The name of the error methodfindElement
09:33:48.046 [Test worker] INFO  manager.ListenerWD - Error description: org.openqa.selenium.NoSuchElementException: no such element: Unable to locate element: {"method":"xpath","selector":"//a[@href='/l']"}
  (Session info: chrome=106.0.5249.103)
For documentation on this error, please visit: https://selenium.dev/exceptions/#no_such_element
Build info: version: '4.4.0', revision: 'e5c75ed026a'
System info: host: 'Gurevichs-MBP.lan', ip: '2a0d:6fc2:4e60:a900:c800:4446:6506:f0d9%en0', os.name: 'Mac OS X', os.arch: 'aarch64', os.version: '12.6', java.version: '11.0.16.1'
Driver info: org.openqa.selenium.chrome.ChromeDriver
Command: [a8c347be21425c0cef598567f9917098, findElement {using=xpath, value=//a[@href='/l']}]
Capabilities {acceptInsecureCerts: false, browserName: chrome, browserVersion: 106.0.5249.103, chrome: {chromedriverVersion: 105.0.5195.52 (412c95e51883..., userDataDir: /var/folders/1t/ycm_f_n138g...}, goog:chromeOptions: {debuggerAddress: localhost:56185}, networkConnectionEnabled: false, pageLoadStrategy: normal, platformName: MAC, proxy: Proxy(), se:cdp: ws://localhost:56185/devtoo..., se:cdpVersion: 106.0.5249.103, setWindowRect: true, strictFileInteractability: false, timeouts: {implicit: 0, pageLoad: 300000, script: 30000}, unhandledPromptBehavior: dismiss and notify, webauthn:extension:credBlob: true, webauthn:extension:largeBlob: true, webauthn:virtualAuthenticators: true}
Session ID: a8c347be21425c0cef598567f9917098
09:33:48.047 [Test worker] INFO  manager.ListenerWD - ******************************
09:33:48.048 [Test worker] INFO  manager.ListenerWD - ChromeDriver: chrome on MAC (a8c347be21425c0cef598567f9917098)
