17:27:30.901 [Test worker] INFO  manager.ApplicationManager - Chrome driver was opened
17:27:32.202 [Test worker] INFO  manager.ApplicationManager - Current URL --> https://contacts-app.tobbymarshall815.vercel.app/home
17:27:32.219 [Test worker] INFO  TestBase - START TEST WITH NAME: removeOneContact
17:27:37.255 [Test worker] INFO  manager.ListenerWD - After FInd Elements By -->By.xpath: //button[text()='Sign Out']
17:27:37.256 [Test worker] INFO  manager.ListenerWD - List size is-->0
17:27:37.257 [Test worker] INFO  manager.ListenerWD - Before Find Elements By -->By.xpath: //a[@href='/login']
17:27:37.295 [Test worker] INFO  manager.ListenerWD - After Find Element by --> By.xpath: //a[@href='/login']
17:27:37.619 [Test worker] INFO  manager.ListenerWD - Before Find Elements By -->By.xpath: //input[@placeholder='Email']
17:27:37.634 [Test worker] INFO  manager.ListenerWD - After Find Element by --> By.xpath: //input[@placeholder='Email']
17:27:37.923 [Test worker] INFO  manager.ListenerWD - Before Find Elements By -->By.xpath: //input[@placeholder='Password']
17:27:37.949 [Test worker] INFO  manager.ListenerWD - After Find Element by --> By.xpath: //input[@placeholder='Password']
17:27:38.024 [Test worker] INFO  manager.ListenerWD - Before Find Elements By -->By.xpath: //*[text()=' Login']
17:27:38.036 [Test worker] INFO  manager.ListenerWD - After Find Element by --> By.xpath: //*[text()=' Login']
17:27:43.173 [Test worker] INFO  manager.ListenerWD - After FInd Elements By -->By.cssSelector: .contact-item_card__2SOIM
17:27:43.174 [Test worker] INFO  manager.ListenerWD - List size is-->0
17:27:48.181 [Test worker] INFO  manager.ListenerWD - Before Find Elements By -->By.cssSelector: a[href='/add']
17:27:48.193 [Test worker] INFO  manager.ListenerWD - After Find Element by --> By.cssSelector: a[href='/add']
17:27:48.265 [Test worker] INFO  manager.ListenerWD - Before Find Elements By -->By.cssSelector: [placeholder='Name']
17:27:48.278 [Test worker] INFO  manager.ListenerWD - After Find Element by --> By.cssSelector: [placeholder='Name']
17:27:48.427 [Test worker] INFO  manager.ListenerWD - Before Find Elements By -->By.cssSelector: [placeholder='Last Name']
17:27:48.439 [Test worker] INFO  manager.ListenerWD - After Find Element by --> By.cssSelector: [placeholder='Last Name']
17:27:48.514 [Test worker] INFO  manager.ListenerWD - Before Find Elements By -->By.cssSelector: [placeholder='Phone']
17:27:48.526 [Test worker] INFO  manager.ListenerWD - After Find Element by --> By.cssSelector: [placeholder='Phone']
17:27:48.639 [Test worker] INFO  manager.ListenerWD - Before Find Elements By -->By.cssSelector: [placeholder='email']
17:27:48.651 [Test worker] INFO  manager.ListenerWD - After Find Element by --> By.cssSelector: [placeholder='email']
17:27:48.807 [Test worker] INFO  manager.ListenerWD - Before Find Elements By -->By.cssSelector: [placeholder='Address']
17:27:48.832 [Test worker] INFO  manager.ListenerWD - After Find Element by --> By.cssSelector: [placeholder='Address']
17:27:49.392 [Test worker] INFO  manager.ListenerWD - Before Find Elements By -->By.cssSelector: button b
17:27:49.462 [Test worker] INFO  manager.ListenerWD - After Find Element by --> By.cssSelector: button b
17:27:54.587 [Test worker] INFO  manager.ListenerWD - Before Find Elements By -->By.cssSelector: a[href='/add']
17:27:54.614 [Test worker] INFO  manager.ListenerWD - After Find Element by --> By.cssSelector: a[href='/add']
17:27:54.671 [Test worker] INFO  manager.ListenerWD - Before Find Elements By -->By.cssSelector: [placeholder='Name']
17:27:54.686 [Test worker] INFO  manager.ListenerWD - After Find Element by --> By.cssSelector: [placeholder='Name']
17:27:54.857 [Test worker] INFO  manager.ListenerWD - Before Find Elements By -->By.cssSelector: [placeholder='Last Name']
17:27:54.864 [Test worker] INFO  manager.ListenerWD - After Find Element by --> By.cssSelector: [placeholder='Last Name']
17:27:54.972 [Test worker] INFO  manager.ListenerWD - Before Find Elements By -->By.cssSelector: [placeholder='Phone']
17:27:55.011 [Test worker] INFO  manager.ListenerWD - After Find Element by --> By.cssSelector: [placeholder='Phone']
17:27:55.097 [Test worker] INFO  manager.ListenerWD - Before Find Elements By -->By.cssSelector: [placeholder='email']
17:27:55.104 [Test worker] INFO  manager.ListenerWD - After Find Element by --> By.cssSelector: [placeholder='email']
17:27:55.305 [Test worker] INFO  manager.ListenerWD - Before Find Elements By -->By.cssSelector: [placeholder='Address']
17:27:55.328 [Test worker] INFO  manager.ListenerWD - After Find Element by --> By.cssSelector: [placeholder='Address']
17:27:55.567 [Test worker] INFO  manager.ListenerWD - Before Find Elements By -->By.cssSelector: button b
17:27:55.596 [Test worker] INFO  manager.ListenerWD - After Find Element by --> By.cssSelector: button b
17:28:00.664 [Test worker] INFO  manager.ListenerWD - Before Find Elements By -->By.cssSelector: a[href='/add']
17:28:00.681 [Test worker] INFO  manager.ListenerWD - After Find Element by --> By.cssSelector: a[href='/add']
17:28:00.809 [Test worker] INFO  manager.ListenerWD - Before Find Elements By -->By.cssSelector: [placeholder='Name']
17:28:00.835 [Test worker] INFO  manager.ListenerWD - After Find Element by --> By.cssSelector: [placeholder='Name']
17:28:01.001 [Test worker] INFO  manager.ListenerWD - Before Find Elements By -->By.cssSelector: [placeholder='Last Name']
17:28:01.036 [Test worker] INFO  manager.ListenerWD - After Find Element by --> By.cssSelector: [placeholder='Last Name']
17:28:01.108 [Test worker] INFO  manager.ListenerWD - Before Find Elements By -->By.cssSelector: [placeholder='Phone']
17:28:01.117 [Test worker] INFO  manager.ListenerWD - After Find Element by --> By.cssSelector: [placeholder='Phone']
17:28:01.244 [Test worker] INFO  manager.ListenerWD - Before Find Elements By -->By.cssSelector: [placeholder='email']
17:28:01.252 [Test worker] INFO  manager.ListenerWD - After Find Element by --> By.cssSelector: [placeholder='email']
17:28:01.464 [Test worker] INFO  manager.ListenerWD - Before Find Elements By -->By.cssSelector: [placeholder='Address']
17:28:01.490 [Test worker] INFO  manager.ListenerWD - After Find Element by --> By.cssSelector: [placeholder='Address']
17:28:01.791 [Test worker] INFO  manager.ListenerWD - Before Find Elements By -->By.cssSelector: button b
17:28:01.840 [Test worker] INFO  manager.ListenerWD - After Find Element by --> By.cssSelector: button b
17:28:02.250 [Test worker] INFO  manager.ListenerWD - After FInd Elements By -->By.cssSelector: .contact-item_card__2SOIM
17:28:02.250 [Test worker] INFO  manager.ListenerWD - List size is-->3
17:28:02.261 [Test worker] INFO  manager.ListenerWD - After FInd Elements By -->By.cssSelector: .contact-item_card__2SOIM
17:28:02.261 [Test worker] INFO  manager.ListenerWD - List size is-->3
17:28:02.262 [Test worker] INFO  manager.ListenerWD - Before Find Elements By -->By.cssSelector: .contact-item_card__2SOIM
17:28:02.271 [Test worker] INFO  manager.ListenerWD - After Find Element by --> By.cssSelector: .contact-item_card__2SOIM
17:28:02.383 [Test worker] INFO  manager.ListenerWD - Before Find Elements By -->By.xpath: //button[text()='Remove']
17:28:02.418 [Test worker] INFO  manager.ListenerWD - After Find Element by --> By.xpath: //button[text()='Remove']
17:28:02.462 [Test worker] INFO  manager.ListenerWD - After FInd Elements By -->By.cssSelector: .contact-item_card__2SOIM
17:28:02.466 [Test worker] INFO  manager.ListenerWD - List size is-->3
