14:12:12.589 [Test worker] INFO  manager.ApplicationManager - Chrome Driver was opened
14:12:13.820 [Test worker] INFO  manager.ApplicationManager - Current URL --> https://contacts-app.tobbymarshall815.vercel.app/home
14:12:13.854 [Test worker] INFO  TestBase - START TEST WITH NAME: loginSuccess
14:12:13.856 [Test worker] INFO  TestBase - Start authorization check
14:12:18.910 [Test worker] INFO  manager.ListenerWD - After FInd Elements By -->By.xpath: //button[text()='Sign Out']
14:12:18.911 [Test worker] INFO  manager.ListenerWD - List size is-->0
14:12:18.911 [Test worker] INFO  TestBase - email sonka04@gmail.com && password Sonka04$
14:12:18.912 [Test worker] INFO  manager.ListenerWD - Before Find Elements By -->By.xpath: //a[@href='/login']
14:12:18.933 [Test worker] INFO  manager.ListenerWD - After Find Element by --> By.xpath: //a[@href='/login']
14:12:19.293 [Test worker] INFO  manager.ListenerWD - Before Find Elements By -->By.xpath: //input[@placeholder='Email']
14:12:19.309 [Test worker] INFO  manager.ListenerWD - After Find Element by --> By.xpath: //input[@placeholder='Email']
14:12:19.717 [Test worker] INFO  manager.ListenerWD - Before Find Elements By -->By.xpath: //input[@placeholder='Password']
14:12:19.746 [Test worker] INFO  manager.ListenerWD - After Find Element by --> By.xpath: //input[@placeholder='Password']
14:12:19.835 [Test worker] INFO  manager.ListenerWD - Before Find Elements By -->By.xpath: //*[text()=' Login']
14:12:19.850 [Test worker] INFO  manager.ListenerWD - After Find Element by --> By.xpath: //*[text()=' Login']
14:12:21.955 [Test worker] INFO  manager.ListenerWD - After FInd Elements By -->By.xpath: //button[text()='Sign Out']
14:12:21.955 [Test worker] INFO  manager.ListenerWD - List size is-->1
14:12:21.956 [Test worker] INFO  TestBase - Assert checked the presence of Sign out button
14:12:21.958 [Test worker] INFO  TestBase - START TEST WITH NAME: loginSuccess
14:12:21.958 [Test worker] INFO  TestBase - Start authorization check
14:12:21.968 [Test worker] INFO  manager.ListenerWD - After FInd Elements By -->By.xpath: //button[text()='Sign Out']
14:12:21.968 [Test worker] INFO  manager.ListenerWD - List size is-->1
14:12:21.968 [Test worker] INFO  manager.ListenerWD - Before Find Elements By -->By.xpath: //button[text()='Sign Out']
14:12:21.980 [Test worker] INFO  manager.ListenerWD - After Find Element by --> By.xpath: //button[text()='Sign Out']
14:12:22.527 [Test worker] INFO  TestBase - Test was needed in logout
14:12:22.528 [Test worker] INFO  TestBase - email helloworld3125@gmail.com && password Helloworld123$
14:12:22.528 [Test worker] INFO  manager.ListenerWD - Before Find Elements By -->By.xpath: //a[@href='/login']
14:12:22.541 [Test worker] INFO  manager.ListenerWD - After Find Element by --> By.xpath: //a[@href='/login']
14:12:22.584 [Test worker] INFO  manager.ListenerWD - Before Find Elements By -->By.xpath: //input[@placeholder='Email']
14:12:22.595 [Test worker] INFO  manager.ListenerWD - After Find Element by --> By.xpath: //input[@placeholder='Email']
14:12:22.826 [Test worker] INFO  manager.ListenerWD - Before Find Elements By -->By.xpath: //input[@placeholder='Password']
14:12:22.861 [Test worker] INFO  manager.ListenerWD - After Find Element by --> By.xpath: //input[@placeholder='Password']
14:12:23.054 [Test worker] INFO  manager.ListenerWD - Before Find Elements By -->By.xpath: //*[text()=' Login']
14:12:23.114 [Test worker] INFO  manager.ListenerWD - After Find Element by --> By.xpath: //*[text()=' Login']
14:12:25.772 [Test worker] INFO  manager.ListenerWD - After FInd Elements By -->By.xpath: //button[text()='Sign Out']
14:12:25.772 [Test worker] INFO  manager.ListenerWD - List size is-->1
14:12:25.772 [Test worker] INFO  TestBase - Assert checked the presence of Sign out button
14:12:25.773 [Test worker] INFO  TestBase - START TEST WITH NAME: loginSuccess
14:12:25.773 [Test worker] INFO  TestBase - Start authorization check
14:12:25.782 [Test worker] INFO  manager.ListenerWD - After FInd Elements By -->By.xpath: //button[text()='Sign Out']
14:12:25.782 [Test worker] INFO  manager.ListenerWD - List size is-->1
14:12:25.782 [Test worker] INFO  manager.ListenerWD - Before Find Elements By -->By.xpath: //button[text()='Sign Out']
14:12:25.791 [Test worker] INFO  manager.ListenerWD - After Find Element by --> By.xpath: //button[text()='Sign Out']
14:12:25.818 [Test worker] INFO  TestBase - Test was needed in logout
14:12:25.818 [Test worker] INFO  TestBase - email helloworld3128@gmail.com && password Helloworld123$
14:12:25.818 [Test worker] INFO  manager.ListenerWD - Before Find Elements By -->By.xpath: //a[@href='/login']
14:12:25.833 [Test worker] INFO  manager.ListenerWD - After Find Element by --> By.xpath: //a[@href='/login']
14:12:25.873 [Test worker] INFO  manager.ListenerWD - Before Find Elements By -->By.xpath: //input[@placeholder='Email']
14:12:25.888 [Test worker] INFO  manager.ListenerWD - After Find Element by --> By.xpath: //input[@placeholder='Email']
14:12:26.088 [Test worker] INFO  manager.ListenerWD - Before Find Elements By -->By.xpath: //input[@placeholder='Password']
14:12:26.099 [Test worker] INFO  manager.ListenerWD - After Find Element by --> By.xpath: //input[@placeholder='Password']
14:12:26.333 [Test worker] INFO  manager.ListenerWD - Before Find Elements By -->By.xpath: //*[text()=' Login']
14:12:26.343 [Test worker] INFO  manager.ListenerWD - After Find Element by --> By.xpath: //*[text()=' Login']
14:12:28.447 [Test worker] INFO  manager.ListenerWD - After FInd Elements By -->By.xpath: //button[text()='Sign Out']
14:12:28.448 [Test worker] INFO  manager.ListenerWD - List size is-->1
14:12:28.448 [Test worker] INFO  TestBase - Assert checked the presence of Sign out button
14:12:28.448 [Test worker] INFO  TestBase - START TEST WITH NAME: loginSuccess
14:12:28.449 [Test worker] INFO  TestBase - Start authorization check
14:12:28.457 [Test worker] INFO  manager.ListenerWD - After FInd Elements By -->By.xpath: //button[text()='Sign Out']
14:12:28.458 [Test worker] INFO  manager.ListenerWD - List size is-->1
14:12:28.458 [Test worker] INFO  manager.ListenerWD - Before Find Elements By -->By.xpath: //button[text()='Sign Out']
14:12:28.466 [Test worker] INFO  manager.ListenerWD - After Find Element by --> By.xpath: //button[text()='Sign Out']
14:12:28.531 [Test worker] INFO  TestBase - Test was needed in logout
14:12:28.532 [Test worker] INFO  TestBase - email helloworld3126@gmail.com && password Helloworld123$
14:12:28.533 [Test worker] INFO  manager.ListenerWD - Before Find Elements By -->By.xpath: //a[@href='/login']
14:12:28.545 [Test worker] INFO  manager.ListenerWD - After Find Element by --> By.xpath: //a[@href='/login']
14:12:28.623 [Test worker] INFO  manager.ListenerWD - Before Find Elements By -->By.xpath: //input[@placeholder='Email']
14:12:28.631 [Test worker] INFO  manager.ListenerWD - After Find Element by --> By.xpath: //input[@placeholder='Email']
14:12:28.894 [Test worker] INFO  manager.ListenerWD - Before Find Elements By -->By.xpath: //input[@placeholder='Password']
14:12:28.902 [Test worker] INFO  manager.ListenerWD - After Find Element by --> By.xpath: //input[@placeholder='Password']
14:12:29.071 [Test worker] INFO  manager.ListenerWD - Before Find Elements By -->By.xpath: //*[text()=' Login']
14:12:29.080 [Test worker] INFO  manager.ListenerWD - After Find Element by --> By.xpath: //*[text()=' Login']
14:12:31.151 [Test worker] INFO  manager.ListenerWD - After FInd Elements By -->By.xpath: //button[text()='Sign Out']
14:12:31.151 [Test worker] INFO  manager.ListenerWD - List size is-->1
14:12:31.151 [Test worker] INFO  TestBase - Assert checked the presence of Sign out button
