14:51:55.114 [Test worker] INFO  manager.ApplicationManager - Chrome driver was opened
14:51:57.101 [Test worker] INFO  manager.ApplicationManager - Current URL --> https://contacts-app.tobbymarshall815.vercel.app/home
14:51:57.122 [Test worker] INFO  TestBase - START TEST WITH NAME: registrationSuccess
14:52:02.147 [Test worker] INFO  manager.ListenerWD - After FInd Elements By -->By.xpath: //button[text()='Sign Out']
14:52:02.148 [Test worker] INFO  manager.ListenerWD - List size is-->0
14:52:02.151 [Test worker] INFO  manager.ListenerWD - Before Find Elements By -->By.xpath: //a[@href='/login']
14:52:02.188 [Test worker] INFO  manager.ListenerWD - After Find Element by --> By.xpath: //a[@href='/login']
14:52:02.521 [Test worker] INFO  manager.ListenerWD - Before Find Elements By -->By.xpath: //input[@placeholder='Email']
14:52:02.536 [Test worker] INFO  manager.ListenerWD - After Find Element by --> By.xpath: //input[@placeholder='Email']
14:52:02.855 [Test worker] INFO  manager.ListenerWD - Before Find Elements By -->By.xpath: //input[@placeholder='Password']
14:52:02.869 [Test worker] INFO  manager.ListenerWD - After Find Element by --> By.xpath: //input[@placeholder='Password']
14:52:02.958 [Test worker] INFO  manager.ListenerWD - Before Find Elements By -->By.xpath: //*[text()=' Registration']
14:52:02.976 [Test worker] INFO  manager.ListenerWD - After Find Element by --> By.xpath: //*[text()=' Registration']
14:52:03.172 [Test worker] INFO  TestBase - Data User{email='helloworld3122@gmail.com', password='Helloworld123$'}
14:52:04.102 [Test worker] INFO  manager.ListenerWD - After FInd Elements By -->By.xpath: //button[text()='Sign Out']
14:52:04.103 [Test worker] INFO  manager.ListenerWD - List size is-->1
14:52:04.105 [Test worker] INFO  TestBase - START TEST WITH NAME: registrationSuccess
14:52:04.113 [Test worker] INFO  manager.ListenerWD - After FInd Elements By -->By.xpath: //button[text()='Sign Out']
14:52:04.113 [Test worker] INFO  manager.ListenerWD - List size is-->1
14:52:04.113 [Test worker] INFO  manager.ListenerWD - Before Find Elements By -->By.xpath: //button[text()='Sign Out']
14:52:04.124 [Test worker] INFO  manager.ListenerWD - After Find Element by --> By.xpath: //button[text()='Sign Out']
14:52:04.310 [Test worker] INFO  manager.ListenerWD - Before Find Elements By -->By.xpath: //a[@href='/login']
14:52:04.565 [Test worker] INFO  manager.ListenerWD - After Find Element by --> By.xpath: //a[@href='/login']
14:52:04.601 [Test worker] INFO  manager.ListenerWD - Before Find Elements By -->By.xpath: //input[@placeholder='Email']
14:52:04.610 [Test worker] INFO  manager.ListenerWD - After Find Element by --> By.xpath: //input[@placeholder='Email']
14:52:04.736 [Test worker] INFO  manager.ListenerWD - Before Find Elements By -->By.xpath: //input[@placeholder='Password']
14:52:04.751 [Test worker] INFO  manager.ListenerWD - After Find Element by --> By.xpath: //input[@placeholder='Password']
14:52:04.994 [Test worker] INFO  manager.ListenerWD - Before Find Elements By -->By.xpath: //*[text()=' Registration']
14:52:05.039 [Test worker] INFO  manager.ListenerWD - After Find Element by --> By.xpath: //*[text()=' Registration']
14:52:05.595 [Test worker] INFO  TestBase - Data User{email='helloworld3124@gmail.com', password='Helloworld123$'}
14:52:05.708 [Test worker] INFO  manager.ListenerWD - After FInd Elements By -->By.xpath: //button[text()='Sign Out']
14:52:05.708 [Test worker] INFO  manager.ListenerWD - List size is-->1
14:52:05.709 [Test worker] INFO  TestBase - START TEST WITH NAME: registrationSuccess
14:52:05.720 [Test worker] INFO  manager.ListenerWD - After FInd Elements By -->By.xpath: //button[text()='Sign Out']
14:52:05.731 [Test worker] INFO  manager.ListenerWD - List size is-->1
14:52:05.732 [Test worker] INFO  manager.ListenerWD - Before Find Elements By -->By.xpath: //button[text()='Sign Out']
14:52:05.783 [Test worker] INFO  manager.ListenerWD - After Find Element by --> By.xpath: //button[text()='Sign Out']
14:52:05.870 [Test worker] INFO  manager.ListenerWD - Before Find Elements By -->By.xpath: //a[@href='/login']
14:52:05.878 [Test worker] INFO  manager.ListenerWD - After Find Element by --> By.xpath: //a[@href='/login']
14:52:05.902 [Test worker] INFO  manager.ListenerWD - Before Find Elements By -->By.xpath: //input[@placeholder='Email']
14:52:05.911 [Test worker] INFO  manager.ListenerWD - After Find Element by --> By.xpath: //input[@placeholder='Email']
14:52:06.020 [Test worker] INFO  manager.ListenerWD - Before Find Elements By -->By.xpath: //input[@placeholder='Password']
14:52:06.053 [Test worker] INFO  manager.ListenerWD - After Find Element by --> By.xpath: //input[@placeholder='Password']
14:52:06.299 [Test worker] INFO  manager.ListenerWD - Before Find Elements By -->By.xpath: //*[text()=' Registration']
14:52:06.308 [Test worker] INFO  manager.ListenerWD - After Find Element by --> By.xpath: //*[text()=' Registration']
14:52:06.407 [Test worker] INFO  TestBase - Data User{email='helloworld3125@gmail.com', password='Helloworld123$'}
14:52:06.715 [Test worker] INFO  manager.ListenerWD - After FInd Elements By -->By.xpath: //button[text()='Sign Out']
14:52:06.715 [Test worker] INFO  manager.ListenerWD - List size is-->1
14:52:06.716 [Test worker] INFO  TestBase - START TEST WITH NAME: registrationSuccess
14:52:06.726 [Test worker] INFO  manager.ListenerWD - After FInd Elements By -->By.xpath: //button[text()='Sign Out']
14:52:06.726 [Test worker] INFO  manager.ListenerWD - List size is-->1
14:52:06.726 [Test worker] INFO  manager.ListenerWD - Before Find Elements By -->By.xpath: //button[text()='Sign Out']
14:52:06.749 [Test worker] INFO  manager.ListenerWD - After Find Element by --> By.xpath: //button[text()='Sign Out']
14:52:06.949 [Test worker] INFO  manager.ListenerWD - Before Find Elements By -->By.xpath: //a[@href='/login']
14:52:06.957 [Test worker] INFO  manager.ListenerWD - After Find Element by --> By.xpath: //a[@href='/login']
14:52:07.088 [Test worker] INFO  manager.ListenerWD - Before Find Elements By -->By.xpath: //input[@placeholder='Email']
14:52:07.096 [Test worker] INFO  manager.ListenerWD - After Find Element by --> By.xpath: //input[@placeholder='Email']
14:52:07.399 [Test worker] INFO  manager.ListenerWD - Before Find Elements By -->By.xpath: //input[@placeholder='Password']
14:52:07.409 [Test worker] INFO  manager.ListenerWD - After Find Element by --> By.xpath: //input[@placeholder='Password']
14:52:07.837 [Test worker] INFO  manager.ListenerWD - Before Find Elements By -->By.xpath: //*[text()=' Registration']
14:52:07.844 [Test worker] INFO  manager.ListenerWD - After Find Element by --> By.xpath: //*[text()=' Registration']
14:52:07.890 [Test worker] INFO  TestBase - Data User{email='helloworld3126@gmail.com', password='Helloworld123$'}
14:52:08.060 [Test worker] INFO  manager.ListenerWD - After FInd Elements By -->By.xpath: //button[text()='Sign Out']
14:52:08.060 [Test worker] INFO  manager.ListenerWD - List size is-->1
14:52:08.061 [Test worker] INFO  TestBase - START TEST WITH NAME: registrationSuccess
14:52:08.070 [Test worker] INFO  manager.ListenerWD - After FInd Elements By -->By.xpath: //button[text()='Sign Out']
14:52:08.070 [Test worker] INFO  manager.ListenerWD - List size is-->1
14:52:08.070 [Test worker] INFO  manager.ListenerWD - Before Find Elements By -->By.xpath: //button[text()='Sign Out']
14:52:08.078 [Test worker] INFO  manager.ListenerWD - After Find Element by --> By.xpath: //button[text()='Sign Out']
14:52:08.105 [Test worker] INFO  manager.ListenerWD - Before Find Elements By -->By.xpath: //a[@href='/login']
14:52:08.117 [Test worker] INFO  manager.ListenerWD - After Find Element by --> By.xpath: //a[@href='/login']
14:52:08.162 [Test worker] INFO  manager.ListenerWD - Before Find Elements By -->By.xpath: //input[@placeholder='Email']
14:52:08.169 [Test worker] INFO  manager.ListenerWD - After Find Element by --> By.xpath: //input[@placeholder='Email']
14:52:08.256 [Test worker] INFO  manager.ListenerWD - Before Find Elements By -->By.xpath: //input[@placeholder='Password']
14:52:08.264 [Test worker] INFO  manager.ListenerWD - After Find Element by --> By.xpath: //input[@placeholder='Password']
14:52:08.391 [Test worker] INFO  manager.ListenerWD - Before Find Elements By -->By.xpath: //*[text()=' Registration']
14:52:08.405 [Test worker] INFO  manager.ListenerWD - After Find Element by --> By.xpath: //*[text()=' Registration']
14:52:08.429 [Test worker] INFO  TestBase - Data User{email='helloworld3128@gmail.com', password='Helloworld123$'}
14:52:08.607 [Test worker] INFO  manager.ListenerWD - After FInd Elements By -->By.xpath: //button[text()='Sign Out']
14:52:08.607 [Test worker] INFO  manager.ListenerWD - List size is-->1
14:52:08.610 [Test worker] INFO  TestBase - START TEST WITH NAME: registrationWithWrongEmailLackOfSymbols
14:52:08.619 [Test worker] INFO  manager.ListenerWD - After FInd Elements By -->By.xpath: //button[text()='Sign Out']
14:52:08.619 [Test worker] INFO  manager.ListenerWD - List size is-->1
14:52:08.619 [Test worker] INFO  manager.ListenerWD - Before Find Elements By -->By.xpath: //button[text()='Sign Out']
14:52:08.628 [Test worker] INFO  manager.ListenerWD - After Find Element by --> By.xpath: //button[text()='Sign Out']
14:52:08.669 [Test worker] INFO  manager.ListenerWD - Before Find Elements By -->By.xpath: //a[@href='/login']
14:52:08.675 [Test worker] INFO  manager.ListenerWD - After Find Element by --> By.xpath: //a[@href='/login']
14:52:08.705 [Test worker] INFO  manager.ListenerWD - Before Find Elements By -->By.xpath: //input[@placeholder='Email']
14:52:08.714 [Test worker] INFO  manager.ListenerWD - After Find Element by --> By.xpath: //input[@placeholder='Email']
14:52:08.971 [Test worker] INFO  manager.ListenerWD - Before Find Elements By -->By.xpath: //input[@placeholder='Password']
14:52:08.979 [Test worker] INFO  manager.ListenerWD - After Find Element by --> By.xpath: //input[@placeholder='Password']
14:52:09.047 [Test worker] INFO  manager.ListenerWD - Before Find Elements By -->By.xpath: //*[text()=' Registration']
14:52:09.054 [Test worker] INFO  manager.ListenerWD - After Find Element by --> By.xpath: //*[text()=' Registration']
14:52:09.296 [Test worker] INFO  manager.ListenerWD - After FInd Elements By -->By.xpath: //button[text()='Sign Out']
14:52:09.296 [Test worker] INFO  manager.ListenerWD - List size is-->0
14:52:09.325 [Test worker] INFO  TestBase - START TEST WITH NAME: registrationWithWrongEmailWithoutSpecialSymbol
14:52:14.427 [Test worker] INFO  manager.ListenerWD - After FInd Elements By -->By.xpath: //button[text()='Sign Out']
14:52:14.427 [Test worker] INFO  manager.ListenerWD - List size is-->0
14:52:14.428 [Test worker] INFO  manager.ListenerWD - Before Find Elements By -->By.xpath: //a[@href='/login']
14:52:14.436 [Test worker] INFO  manager.ListenerWD - After Find Element by --> By.xpath: //a[@href='/login']
14:52:14.472 [Test worker] INFO  manager.ListenerWD - Before Find Elements By -->By.xpath: //input[@placeholder='Email']
14:52:14.481 [Test worker] INFO  manager.ListenerWD - After Find Element by --> By.xpath: //input[@placeholder='Email']
14:52:14.632 [Test worker] INFO  manager.ListenerWD - Before Find Elements By -->By.xpath: //input[@placeholder='Password']
14:52:14.639 [Test worker] INFO  manager.ListenerWD - After Find Element by --> By.xpath: //input[@placeholder='Password']
14:52:14.765 [Test worker] INFO  manager.ListenerWD - Before Find Elements By -->By.xpath: //*[text()=' Registration']
14:52:14.774 [Test worker] INFO  manager.ListenerWD - After Find Element by --> By.xpath: //*[text()=' Registration']
14:52:15.807 [Test worker] INFO  manager.ListenerWD - After FInd Elements By -->By.xpath: //button[text()='Sign Out']
14:52:15.807 [Test worker] INFO  manager.ListenerWD - List size is-->0
14:52:15.842 [Test worker] INFO  TestBase - START TEST WITH NAME: registrationWithWrongPasswordWithoutDigit
14:52:20.952 [Test worker] INFO  manager.ListenerWD - After FInd Elements By -->By.xpath: //button[text()='Sign Out']
14:52:20.954 [Test worker] INFO  manager.ListenerWD - List size is-->0
14:52:20.955 [Test worker] INFO  manager.ListenerWD - Before Find Elements By -->By.xpath: //a[@href='/login']
14:52:20.969 [Test worker] INFO  manager.ListenerWD - After Find Element by --> By.xpath: //a[@href='/login']
14:52:21.002 [Test worker] INFO  manager.ListenerWD - Before Find Elements By -->By.xpath: //input[@placeholder='Email']
14:52:21.022 [Test worker] INFO  manager.ListenerWD - After Find Element by --> By.xpath: //input[@placeholder='Email']
14:52:21.160 [Test worker] INFO  manager.ListenerWD - Before Find Elements By -->By.xpath: //input[@placeholder='Password']
14:52:21.187 [Test worker] INFO  manager.ListenerWD - After Find Element by --> By.xpath: //input[@placeholder='Password']
14:52:21.296 [Test worker] INFO  manager.ListenerWD - Before Find Elements By -->By.xpath: //*[text()=' Registration']
14:52:21.308 [Test worker] INFO  manager.ListenerWD - After Find Element by --> By.xpath: //*[text()=' Registration']
14:52:21.808 [Test worker] INFO  manager.ListenerWD - After FInd Elements By -->By.xpath: //button[text()='Sign Out']
14:52:21.808 [Test worker] INFO  manager.ListenerWD - List size is-->0
14:52:21.840 [Test worker] INFO  TestBase - START TEST WITH NAME: registrationWithWrongPasswordWithoutLowercaseLetter
14:52:26.913 [Test worker] INFO  manager.ListenerWD - After FInd Elements By -->By.xpath: //button[text()='Sign Out']
14:52:26.913 [Test worker] INFO  manager.ListenerWD - List size is-->0
14:52:26.914 [Test worker] INFO  manager.ListenerWD - Before Find Elements By -->By.xpath: //a[@href='/login']
14:52:26.928 [Test worker] INFO  manager.ListenerWD - After Find Element by --> By.xpath: //a[@href='/login']
14:52:26.953 [Test worker] INFO  manager.ListenerWD - Before Find Elements By -->By.xpath: //input[@placeholder='Email']
14:52:26.969 [Test worker] INFO  manager.ListenerWD - After Find Element by --> By.xpath: //input[@placeholder='Email']
14:52:27.110 [Test worker] INFO  manager.ListenerWD - Before Find Elements By -->By.xpath: //input[@placeholder='Password']
14:52:27.118 [Test worker] INFO  manager.ListenerWD - After Find Element by --> By.xpath: //input[@placeholder='Password']
14:52:27.240 [Test worker] INFO  manager.ListenerWD - Before Find Elements By -->By.xpath: //*[text()=' Registration']
14:52:27.249 [Test worker] INFO  manager.ListenerWD - After Find Element by --> By.xpath: //*[text()=' Registration']
14:52:29.174 [Test worker] INFO  manager.ListenerWD - After FInd Elements By -->By.xpath: //button[text()='Sign Out']
14:52:29.174 [Test worker] INFO  manager.ListenerWD - List size is-->0
14:52:29.193 [Test worker] INFO  TestBase - START TEST WITH NAME: registrationWithWrongPasswordWithoutSpecialSymbol
14:52:34.248 [Test worker] INFO  manager.ListenerWD - After FInd Elements By -->By.xpath: //button[text()='Sign Out']
14:52:34.249 [Test worker] INFO  manager.ListenerWD - List size is-->0
14:52:34.250 [Test worker] INFO  manager.ListenerWD - Before Find Elements By -->By.xpath: //a[@href='/login']
14:52:34.263 [Test worker] INFO  manager.ListenerWD - After Find Element by --> By.xpath: //a[@href='/login']
14:52:34.288 [Test worker] INFO  manager.ListenerWD - Before Find Elements By -->By.xpath: //input[@placeholder='Email']
14:52:34.313 [Test worker] INFO  manager.ListenerWD - After Find Element by --> By.xpath: //input[@placeholder='Email']
14:52:34.444 [Test worker] INFO  manager.ListenerWD - Before Find Elements By -->By.xpath: //input[@placeholder='Password']
14:52:34.450 [Test worker] INFO  manager.ListenerWD - After Find Element by --> By.xpath: //input[@placeholder='Password']
14:52:34.553 [Test worker] INFO  manager.ListenerWD - Before Find Elements By -->By.xpath: //*[text()=' Registration']
14:52:34.560 [Test worker] INFO  manager.ListenerWD - After Find Element by --> By.xpath: //*[text()=' Registration']
14:52:35.240 [Test worker] INFO  manager.ListenerWD - After FInd Elements By -->By.xpath: //button[text()='Sign Out']
14:52:35.240 [Test worker] INFO  manager.ListenerWD - List size is-->0
14:52:35.258 [Test worker] INFO  TestBase - START TEST WITH NAME: registrationWithWrongPasswordWithoutUppercaseLetter
14:52:40.328 [Test worker] INFO  manager.ListenerWD - After FInd Elements By -->By.xpath: //button[text()='Sign Out']
14:52:40.328 [Test worker] INFO  manager.ListenerWD - List size is-->0
14:52:40.329 [Test worker] INFO  manager.ListenerWD - Before Find Elements By -->By.xpath: //a[@href='/login']
14:52:40.342 [Test worker] INFO  manager.ListenerWD - After Find Element by --> By.xpath: //a[@href='/login']
14:52:40.365 [Test worker] INFO  manager.ListenerWD - Before Find Elements By -->By.xpath: //input[@placeholder='Email']
14:52:40.375 [Test worker] INFO  manager.ListenerWD - After Find Element by --> By.xpath: //input[@placeholder='Email']
14:52:40.544 [Test worker] INFO  manager.ListenerWD - Before Find Elements By -->By.xpath: //input[@placeholder='Password']
14:52:40.552 [Test worker] INFO  manager.ListenerWD - After Find Element by --> By.xpath: //input[@placeholder='Password']
14:52:40.956 [Test worker] INFO  manager.ListenerWD - Before Find Elements By -->By.xpath: //*[text()=' Registration']
14:52:40.963 [Test worker] INFO  manager.ListenerWD - After Find Element by --> By.xpath: //*[text()=' Registration']
14:52:41.157 [Test worker] INFO  manager.ListenerWD - After FInd Elements By -->By.xpath: //button[text()='Sign Out']
14:52:41.157 [Test worker] INFO  manager.ListenerWD - List size is-->0
