15:09:10.266 [Test worker] INFO  manager.ApplicationManager - Chrome driver was opened
15:09:16.950 [Test worker] INFO  manager.ApplicationManager - Current URL --> https://contacts-app.tobbymarshall815.vercel.app/home
15:09:16.972 [Test worker] INFO  TestBase - START TEST WITH NAME: loginSuccessModel
15:09:16.973 [Test worker] INFO  TestBase - Start authorization check
15:09:21.988 [Test worker] INFO  manager.ListenerWD - After FInd Elements By -->By.xpath: //button[text()='Sign Out']
15:09:21.989 [Test worker] INFO  manager.ListenerWD - List size is-->0
15:09:21.993 [Test worker] INFO  manager.ListenerWD - Before Find Elements By -->By.xpath: //a[@href='/login']
15:09:22.031 [Test worker] INFO  manager.ListenerWD - After Find Element by --> By.xpath: //a[@href='/login']
15:09:22.375 [Test worker] INFO  manager.ListenerWD - Before Find Elements By -->By.xpath: //input[@placeholder='Email']
15:09:22.396 [Test worker] INFO  manager.ListenerWD - After Find Element by --> By.xpath: //input[@placeholder='Email']
15:09:22.728 [Test worker] INFO  manager.ListenerWD - Before Find Elements By -->By.xpath: //input[@placeholder='Password']
15:09:22.753 [Test worker] INFO  manager.ListenerWD - After Find Element by --> By.xpath: //input[@placeholder='Password']
15:09:22.826 [Test worker] INFO  manager.ListenerWD - Before Find Elements By -->By.xpath: //*[text()=' Login']
15:09:22.838 [Test worker] INFO  manager.ListenerWD - After Find Element by --> By.xpath: //*[text()=' Login']
15:09:23.837 [Test worker] INFO  manager.ListenerWD - After FInd Elements By -->By.xpath: //button[text()='Sign Out']
15:09:23.837 [Test worker] INFO  manager.ListenerWD - List size is-->1
15:09:23.839 [Test worker] INFO  TestBase - User with such data sonka04@gmail.comSonka04$has successfully added
15:09:23.841 [Test worker] INFO  TestBase - START TEST WITH NAME: loginSuccessModel
15:09:23.841 [Test worker] INFO  TestBase - Start authorization check
15:09:23.850 [Test worker] INFO  manager.ListenerWD - After FInd Elements By -->By.xpath: //button[text()='Sign Out']
15:09:23.850 [Test worker] INFO  manager.ListenerWD - List size is-->1
15:09:23.850 [Test worker] INFO  manager.ListenerWD - Before Find Elements By -->By.xpath: //button[text()='Sign Out']
15:09:23.863 [Test worker] INFO  manager.ListenerWD - After Find Element by --> By.xpath: //button[text()='Sign Out']
15:09:24.225 [Test worker] INFO  TestBase - Test was needed in logout
15:09:24.225 [Test worker] INFO  manager.ListenerWD - Before Find Elements By -->By.xpath: //a[@href='/login']
15:09:24.239 [Test worker] INFO  manager.ListenerWD - After Find Element by --> By.xpath: //a[@href='/login']
15:09:24.286 [Test worker] INFO  manager.ListenerWD - Before Find Elements By -->By.xpath: //input[@placeholder='Email']
15:09:24.295 [Test worker] INFO  manager.ListenerWD - After Find Element by --> By.xpath: //input[@placeholder='Email']
15:09:24.401 [Test worker] INFO  manager.ListenerWD - Before Find Elements By -->By.xpath: //input[@placeholder='Password']
15:09:24.446 [Test worker] INFO  manager.ListenerWD - After Find Element by --> By.xpath: //input[@placeholder='Password']
15:09:24.602 [Test worker] INFO  manager.ListenerWD - Before Find Elements By -->By.xpath: //*[text()=' Login']
15:09:24.636 [Test worker] INFO  manager.ListenerWD - After Find Element by --> By.xpath: //*[text()=' Login']
15:09:25.162 [Test worker] INFO  manager.ListenerWD - After FInd Elements By -->By.xpath: //button[text()='Sign Out']
15:09:25.162 [Test worker] INFO  manager.ListenerWD - List size is-->1
15:09:25.162 [Test worker] INFO  TestBase - User with such data helloworld3125@gmail.comHelloworld123$has successfully added
15:09:25.163 [Test worker] INFO  TestBase - START TEST WITH NAME: loginSuccessModel
15:09:25.163 [Test worker] INFO  TestBase - Start authorization check
15:09:25.177 [Test worker] INFO  manager.ListenerWD - After FInd Elements By -->By.xpath: //button[text()='Sign Out']
15:09:25.177 [Test worker] INFO  manager.ListenerWD - List size is-->1
15:09:25.177 [Test worker] INFO  manager.ListenerWD - Before Find Elements By -->By.xpath: //button[text()='Sign Out']
15:09:25.224 [Test worker] INFO  manager.ListenerWD - After Find Element by --> By.xpath: //button[text()='Sign Out']
15:09:25.414 [Test worker] INFO  TestBase - Test was needed in logout
15:09:25.415 [Test worker] INFO  manager.ListenerWD - Before Find Elements By -->By.xpath: //a[@href='/login']
15:09:25.495 [Test worker] INFO  manager.ListenerWD - After Find Element by --> By.xpath: //a[@href='/login']
15:09:26.033 [Test worker] INFO  manager.ListenerWD - Before Find Elements By -->By.xpath: //input[@placeholder='Email']
15:09:26.080 [Test worker] INFO  manager.ListenerWD - After Find Element by --> By.xpath: //input[@placeholder='Email']
15:09:26.294 [Test worker] INFO  manager.ListenerWD - Before Find Elements By -->By.xpath: //input[@placeholder='Password']
15:09:26.303 [Test worker] INFO  manager.ListenerWD - After Find Element by --> By.xpath: //input[@placeholder='Password']
15:09:26.666 [Test worker] INFO  manager.ListenerWD - Before Find Elements By -->By.xpath: //*[text()=' Login']
15:09:26.685 [Test worker] INFO  manager.ListenerWD - After Find Element by --> By.xpath: //*[text()=' Login']
15:09:27.019 [Test worker] INFO  manager.ListenerWD - After FInd Elements By -->By.xpath: //button[text()='Sign Out']
15:09:27.033 [Test worker] INFO  manager.ListenerWD - List size is-->1
15:09:27.034 [Test worker] INFO  TestBase - User with such data helloworld3126@gmail.comHelloworld123$has successfully added
15:09:27.034 [Test worker] INFO  TestBase - START TEST WITH NAME: loginSuccessModel
15:09:27.035 [Test worker] INFO  TestBase - Start authorization check
15:09:27.044 [Test worker] INFO  manager.ListenerWD - After FInd Elements By -->By.xpath: //button[text()='Sign Out']
15:09:27.044 [Test worker] INFO  manager.ListenerWD - List size is-->1
15:09:27.044 [Test worker] INFO  manager.ListenerWD - Before Find Elements By -->By.xpath: //button[text()='Sign Out']
15:09:27.070 [Test worker] INFO  manager.ListenerWD - After Find Element by --> By.xpath: //button[text()='Sign Out']
15:09:27.245 [Test worker] INFO  TestBase - Test was needed in logout
15:09:27.246 [Test worker] INFO  manager.ListenerWD - Before Find Elements By -->By.xpath: //a[@href='/login']
15:09:27.254 [Test worker] INFO  manager.ListenerWD - After Find Element by --> By.xpath: //a[@href='/login']
15:09:27.375 [Test worker] INFO  manager.ListenerWD - Before Find Elements By -->By.xpath: //input[@placeholder='Email']
15:09:27.392 [Test worker] INFO  manager.ListenerWD - After Find Element by --> By.xpath: //input[@placeholder='Email']
15:09:27.679 [Test worker] INFO  manager.ListenerWD - Before Find Elements By -->By.xpath: //input[@placeholder='Password']
15:09:27.687 [Test worker] INFO  manager.ListenerWD - After Find Element by --> By.xpath: //input[@placeholder='Password']
15:09:28.135 [Test worker] INFO  manager.ListenerWD - Before Find Elements By -->By.xpath: //*[text()=' Login']
15:09:28.143 [Test worker] INFO  manager.ListenerWD - After Find Element by --> By.xpath: //*[text()=' Login']
15:09:28.871 [Test worker] INFO  manager.ListenerWD - After FInd Elements By -->By.xpath: //button[text()='Sign Out']
15:09:28.871 [Test worker] INFO  manager.ListenerWD - List size is-->1
15:09:28.871 [Test worker] INFO  TestBase - User with such data helloworld3128@gmail.comHelloworld123$has successfully added
